2025-05-30 16:24:33.223 [background-preinit] INFO  o.h.validator.internal.util.Version - HV000001: Hibernate Validator 8.0.1.Final
2025-05-30 16:24:33.255 [restartedMain] INFO  b.c.u.t.a.ArmariointeligenteApplication - Starting ArmariointeligenteApplication using Java 23.0.2 with PID 26588 (C:\Users\sammb\Downloads\armariointeligentemain20\target\classes started by sammb in C:\Users\sammb\Downloads\armariointeligentemain20)
2025-05-30 16:24:33.256 [restartedMain] DEBUG b.c.u.t.a.ArmariointeligenteApplication - Running with Spring Boot v3.2.3, Spring v6.1.4
2025-05-30 16:24:33.256 [restartedMain] INFO  b.c.u.t.a.ArmariointeligenteApplication - No active profile set, falling back to 1 default profile: "default"
2025-05-30 16:24:33.329 [restartedMain] INFO  o.s.b.d.e.DevToolsPropertyDefaultsPostProcessor - Devtools property defaults active! Set 'spring.devtools.add-properties' to 'false' to disable
2025-05-30 16:24:33.329 [restartedMain] INFO  o.s.b.d.e.DevToolsPropertyDefaultsPostProcessor - For additional web related logging consider setting the 'logging.level.web' property to 'DEBUG'
2025-05-30 16:24:34.770 [restartedMain] INFO  o.s.d.r.c.RepositoryConfigurationDelegate - Bootstrapping Spring Data JPA repositories in DEFAULT mode.
2025-05-30 16:24:34.825 [restartedMain] INFO  o.s.d.r.c.RepositoryConfigurationDelegate - Finished Spring Data repository scanning in 48 ms. Found 7 JPA repository interfaces.
2025-05-30 16:24:35.744 [restartedMain] INFO  o.s.b.w.e.tomcat.TomcatWebServer - Tomcat initialized with port 8080 (http)
2025-05-30 16:24:35.771 [restartedMain] INFO  o.a.coyote.http11.Http11NioProtocol - Initializing ProtocolHandler ["http-nio-8080"]
2025-05-30 16:24:35.773 [restartedMain] INFO  o.a.catalina.core.StandardService - Starting service [Tomcat]
2025-05-30 16:24:35.773 [restartedMain] INFO  o.a.catalina.core.StandardEngine - Starting Servlet engine: [Apache Tomcat/10.1.19]
2025-05-30 16:24:35.813 [restartedMain] INFO  o.a.c.c.C.[Tomcat].[localhost].[/] - Initializing Spring embedded WebApplicationContext
2025-05-30 16:24:35.813 [restartedMain] INFO  o.s.b.w.s.c.ServletWebServerApplicationContext - Root WebApplicationContext: initialization completed in 2484 ms
2025-05-30 16:24:35.872 [restartedMain] INFO  com.zaxxer.hikari.HikariDataSource - HikariPool-1 - Starting...
2025-05-30 16:24:36.090 [restartedMain] INFO  com.zaxxer.hikari.pool.HikariPool - HikariPool-1 - Added connection conn0: url=jdbc:h2:mem:armariointeligentedb user=SA
2025-05-30 16:24:36.091 [restartedMain] INFO  com.zaxxer.hikari.HikariDataSource - HikariPool-1 - Start completed.
2025-05-30 16:24:36.102 [restartedMain] INFO  o.s.b.a.h.H2ConsoleAutoConfiguration - H2 console available at '/h2-console'. Database available at 'jdbc:h2:mem:armariointeligentedb'
2025-05-30 16:24:36.332 [restartedMain] INFO  o.h.jpa.internal.util.LogHelper - HHH000204: Processing PersistenceUnitInfo [name: default]
2025-05-30 16:24:36.415 [restartedMain] INFO  org.hibernate.Version - HHH000412: Hibernate ORM core version 6.4.4.Final
2025-05-30 16:24:36.440 [restartedMain] INFO  o.h.c.i.RegionFactoryInitiator - HHH000026: Second-level cache disabled
2025-05-30 16:24:36.625 [restartedMain] INFO  o.s.o.j.p.SpringPersistenceUnitInfo - No LoadTimeWeaver setup: ignoring JPA class transformer
2025-05-30 16:24:36.659 [restartedMain] WARN  org.hibernate.orm.deprecation - HHH90000025: H2Dialect does not need to be specified explicitly using 'hibernate.dialect' (remove the property setting and it will be selected by default)
2025-05-30 16:24:37.451 [restartedMain] INFO  o.h.e.t.j.p.i.JtaPlatformInitiator - HHH000489: No JTA platform available (set 'hibernate.transaction.jta.platform' to enable JTA platform integration)
2025-05-30 16:24:37.498 [restartedMain] DEBUG org.hibernate.SQL - 
    create table armarios (
        id bigint generated by default as identity,
        ativo boolean,
        descricao varchar(255),
        identificacao varchar(255) not null,
        localizacao varchar(255),
        condominio_id bigint not null,
        primary key (id)
    )
2025-05-30 16:24:37.506 [restartedMain] DEBUG org.hibernate.SQL - 
    create table compartimentos (
        id bigint generated by default as identity,
        codigo_acesso varchar(255),
        numero varchar(255) not null,
        ocupado boolean,
        tamanho varchar(255),
        armario_id bigint not null,
        primary key (id)
    )
2025-05-30 16:24:37.507 [restartedMain] DEBUG org.hibernate.SQL - 
    create table condominios (
        id bigint generated by default as identity,
        cep varchar(255),
        cidade varchar(255),
        email varchar(255),
        endereco varchar(255) not null,
        estado varchar(255),
        nome varchar(255) not null,
        telefone varchar(255),
        primary key (id)
    )
2025-05-30 16:24:37.508 [restartedMain] DEBUG org.hibernate.SQL - 
    create table entregas (
        id bigint generated by default as identity,
        codigo_rastreio varchar(255) not null,
        data_entrega timestamp(6) not null,
        data_retirada timestamp(6),
        descricao varchar(1000),
        observacao varchar(1000),
        status varchar(255) not null check (status in ('AGUARDANDO_ENTREGA','ENTREGUE','RETIRADO','CANCELADO','EXPIRADO','AGUARDANDO_RETIRADA')),
        compartimento_id bigint not null,
        destinatario_id bigint not null,
        entregador_id bigint not null,
        primary key (id)
    )
2025-05-30 16:24:37.510 [restartedMain] DEBUG org.hibernate.SQL - 
    create table reservas (
        id bigint generated by default as identity,
        data_fim timestamp(6) not null,
        data_inicio timestamp(6) not null,
        observacao varchar(255),
        status varchar(255) not null check (status in ('PENDENTE','CONFIRMADA','CANCELADA','CONCLUIDA','ATIVA')),
        compartimento_id bigint not null,
        usuario_id bigint not null,
        primary key (id)
    )
2025-05-30 16:24:37.513 [restartedMain] DEBUG org.hibernate.SQL - 
    create table tipo_usuario (
        id bigint generated by default as identity,
        descricao varchar(500),
        nome varchar(255) not null,
        primary key (id)
    )
2025-05-30 16:24:37.514 [restartedMain] DEBUG org.hibernate.SQL - 
    create table usuarios (
        id bigint generated by default as identity,
        ativo boolean not null,
        email varchar(255) not null,
        nome varchar(255) not null,
        senha varchar(255) not null,
        telefone varchar(255) not null,
        tipo_usuario_id bigint not null,
        primary key (id)
    )
2025-05-30 16:24:37.515 [restartedMain] DEBUG org.hibernate.SQL - 
    alter table if exists tipo_usuario 
       drop constraint if exists UK_96kbahr41wh82gtd6i5a2i0dl
2025-05-30 16:24:37.516 [restartedMain] DEBUG org.hibernate.SQL - 
    alter table if exists tipo_usuario 
       add constraint UK_96kbahr41wh82gtd6i5a2i0dl unique (nome)
2025-05-30 16:24:37.517 [restartedMain] DEBUG org.hibernate.SQL - 
    alter table if exists usuarios 
       drop constraint if exists UK_kfsp0s1tflm1cwlj8idhqsad0
2025-05-30 16:24:37.518 [restartedMain] DEBUG org.hibernate.SQL - 
    alter table if exists usuarios 
       add constraint UK_kfsp0s1tflm1cwlj8idhqsad0 unique (email)
2025-05-30 16:24:37.518 [restartedMain] DEBUG org.hibernate.SQL - 
    alter table if exists armarios 
       add constraint FKesaa5dqg06bcxtcd90sqdx4u1 
       foreign key (condominio_id) 
       references condominios
2025-05-30 16:24:37.522 [restartedMain] DEBUG org.hibernate.SQL - 
    alter table if exists compartimentos 
       add constraint FKhy2w1mj1ddhw9ljyj3bng2b31 
       foreign key (armario_id) 
       references armarios
2025-05-30 16:24:37.523 [restartedMain] DEBUG org.hibernate.SQL - 
    alter table if exists entregas 
       add constraint FKrd7741ru8n6c9g30ft8wimq1b 
       foreign key (compartimento_id) 
       references compartimentos
2025-05-30 16:24:37.524 [restartedMain] DEBUG org.hibernate.SQL - 
    alter table if exists entregas 
       add constraint FK2j6660yyiob2ltvd63djsd17a 
       foreign key (destinatario_id) 
       references usuarios
2025-05-30 16:24:37.525 [restartedMain] DEBUG org.hibernate.SQL - 
    alter table if exists entregas 
       add constraint FKeg4a4pda5oy6f7xy3pewde0ut 
       foreign key (entregador_id) 
       references usuarios
2025-05-30 16:24:37.526 [restartedMain] DEBUG org.hibernate.SQL - 
    alter table if exists reservas 
       add constraint FKofvgs17184ppfquttr65aefwr 
       foreign key (compartimento_id) 
       references compartimentos
2025-05-30 16:24:37.526 [restartedMain] DEBUG org.hibernate.SQL - 
    alter table if exists reservas 
       add constraint FKcfh7qcr7oxomqk5hhbxdg2m7p 
       foreign key (usuario_id) 
       references usuarios
2025-05-30 16:24:37.528 [restartedMain] DEBUG org.hibernate.SQL - 
    alter table if exists usuarios 
       add constraint FKlax8oeu20d3lamsl4r77wnogo 
       foreign key (tipo_usuario_id) 
       references tipo_usuario
2025-05-30 16:24:37.531 [restartedMain] INFO  o.s.o.j.LocalContainerEntityManagerFactoryBean - Initialized JPA EntityManagerFactory for persistence unit 'default'
2025-05-30 16:24:38.024 [restartedMain] DEBUG b.c.u.t.a.security.AuthTokenFilter - Filter 'authenticationJwtTokenFilter' configured for use
2025-05-30 16:24:38.705 [restartedMain] WARN  o.s.b.a.o.j.JpaBaseConfiguration$JpaWebConfiguration - spring.jpa.open-in-view is enabled by default. Therefore, database queries may be performed during view rendering. Explicitly configure spring.jpa.open-in-view to disable this warning
2025-05-30 16:24:39.060 [restartedMain] INFO  o.s.s.web.DefaultSecurityFilterChain - Will secure any request with [org.springframework.security.web.session.DisableEncodeUrlFilter@43b8b46, org.springframework.security.web.context.request.async.WebAsyncManagerIntegrationFilter@3bfa7b7c, org.springframework.security.web.context.SecurityContextHolderFilter@174514d5, org.springframework.security.web.header.HeaderWriterFilter@111b441a, org.springframework.web.filter.CorsFilter@7502b3d9, org.springframework.security.web.authentication.logout.LogoutFilter@40869ea3, br.com.unit.tokseg.armariointeligente.security.AuthTokenFilter@2afa2d74, org.springframework.security.web.savedrequest.RequestCacheAwareFilter@3844a353, org.springframework.security.web.servletapi.SecurityContextHolderAwareRequestFilter@fc24a95, org.springframework.security.web.authentication.AnonymousAuthenticationFilter@35f1d9c5, org.springframework.security.web.session.SessionManagementFilter@7252beb6, org.springframework.security.web.access.ExceptionTranslationFilter@1dea1f0c, org.springframework.security.web.access.intercept.AuthorizationFilter@47cf1633]
2025-05-30 16:24:39.365 [restartedMain] INFO  o.s.b.d.a.OptionalLiveReloadServer - LiveReload server is running on port 35729
2025-05-30 16:24:39.381 [restartedMain] INFO  o.a.coyote.http11.Http11NioProtocol - Starting ProtocolHandler ["http-nio-8080"]
2025-05-30 16:24:39.395 [restartedMain] INFO  o.s.b.w.e.tomcat.TomcatWebServer - Tomcat started on port 8080 (http) with context path ''
2025-05-30 16:24:39.403 [restartedMain] INFO  b.c.u.t.a.ArmariointeligenteApplication - Started ArmariointeligenteApplication in 6.583 seconds (process running for 7.063)
2025-05-30 16:24:39.695 [restartedMain] DEBUG org.hibernate.SQL - 
    select
        count(*) 
    from
        tipo_usuario tu1_0
2025-05-30 16:24:39.717 [restartedMain] DEBUG org.hibernate.SQL - 
    insert 
    into
        tipo_usuario
        (descricao, nome, id) 
    values
        (?, ?, default)
2025-05-30 16:24:39.729 [restartedMain] DEBUG org.hibernate.SQL - 
    insert 
    into
        tipo_usuario
        (descricao, nome, id) 
    values
        (?, ?, default)
2025-05-30 16:24:39.731 [restartedMain] DEBUG org.hibernate.SQL - 
    insert 
    into
        tipo_usuario
        (descricao, nome, id) 
    values
        (?, ?, default)
2025-05-30 16:24:39.732 [restartedMain] DEBUG org.hibernate.SQL - 
    insert 
    into
        tipo_usuario
        (descricao, nome, id) 
    values
        (?, ?, default)
2025-05-30 16:24:39.734 [restartedMain] DEBUG org.hibernate.SQL - 
    select
        count(*) 
    from
        usuarios u1_0
2025-05-30 16:24:39.794 [restartedMain] DEBUG org.hibernate.SQL - 
    insert 
    into
        usuarios
        (ativo, email, nome, senha, telefone, tipo_usuario_id, id) 
    values
        (?, ?, ?, ?, ?, ?, default)
2025-05-30 16:24:39.856 [restartedMain] DEBUG org.hibernate.SQL - 
    insert 
    into
        usuarios
        (ativo, email, nome, senha, telefone, tipo_usuario_id, id) 
    values
        (?, ?, ?, ?, ?, ?, default)
2025-05-30 16:24:39.934 [restartedMain] DEBUG org.hibernate.SQL - 
    insert 
    into
        usuarios
        (ativo, email, nome, senha, telefone, tipo_usuario_id, id) 
    values
        (?, ?, ?, ?, ?, ?, default)
2025-05-30 16:24:39.942 [restartedMain] DEBUG org.hibernate.SQL - 
    select
        count(*) 
    from
        condominios c1_0
2025-05-30 16:24:39.947 [restartedMain] DEBUG org.hibernate.SQL - 
    insert 
    into
        condominios
        (cep, cidade, email, endereco, estado, nome, telefone, id) 
    values
        (?, ?, ?, ?, ?, ?, ?, default)
2025-05-30 16:24:39.951 [restartedMain] DEBUG org.hibernate.SQL - 
    insert 
    into
        condominios
        (cep, cidade, email, endereco, estado, nome, telefone, id) 
    values
        (?, ?, ?, ?, ?, ?, ?, default)
2025-05-30 16:24:39.958 [restartedMain] DEBUG org.hibernate.SQL - 
    select
        count(*) 
    from
        armarios a1_0
2025-05-30 16:24:39.962 [restartedMain] DEBUG org.hibernate.SQL - 
    insert 
    into
        armarios
        (ativo, condominio_id, descricao, identificacao, localizacao, id) 
    values
        (?, ?, ?, ?, ?, default)
2025-05-30 16:24:39.966 [restartedMain] DEBUG org.hibernate.SQL - 
    insert 
    into
        armarios
        (ativo, condominio_id, descricao, identificacao, localizacao, id) 
    values
        (?, ?, ?, ?, ?, default)
2025-05-30 16:24:39.969 [restartedMain] DEBUG org.hibernate.SQL - 
    insert 
    into
        armarios
        (ativo, condominio_id, descricao, identificacao, localizacao, id) 
    values
        (?, ?, ?, ?, ?, default)
2025-05-30 16:24:39.974 [restartedMain] DEBUG org.hibernate.SQL - 
    select
        count(*) 
    from
        compartimentos c1_0
2025-05-30 16:24:39.977 [restartedMain] DEBUG org.hibernate.SQL - 
    insert 
    into
        compartimentos
        (armario_id, codigo_acesso, numero, ocupado, tamanho, id) 
    values
        (?, ?, ?, ?, ?, default)
2025-05-30 16:24:39.981 [restartedMain] DEBUG org.hibernate.SQL - 
    insert 
    into
        compartimentos
        (armario_id, codigo_acesso, numero, ocupado, tamanho, id) 
    values
        (?, ?, ?, ?, ?, default)
2025-05-30 16:24:39.983 [restartedMain] DEBUG org.hibernate.SQL - 
    insert 
    into
        compartimentos
        (armario_id, codigo_acesso, numero, ocupado, tamanho, id) 
    values
        (?, ?, ?, ?, ?, default)
2025-05-30 16:24:39.985 [restartedMain] DEBUG org.hibernate.SQL - 
    insert 
    into
        compartimentos
        (armario_id, codigo_acesso, numero, ocupado, tamanho, id) 
    values
        (?, ?, ?, ?, ?, default)
2025-05-30 16:24:39.988 [restartedMain] DEBUG org.hibernate.SQL - 
    insert 
    into
        compartimentos
        (armario_id, codigo_acesso, numero, ocupado, tamanho, id) 
    values
        (?, ?, ?, ?, ?, default)
2025-05-30 16:24:39.990 [restartedMain] DEBUG org.hibernate.SQL - 
    insert 
    into
        compartimentos
        (armario_id, codigo_acesso, numero, ocupado, tamanho, id) 
    values
        (?, ?, ?, ?, ?, default)
2025-05-30 16:24:39.992 [restartedMain] DEBUG org.hibernate.SQL - 
    insert 
    into
        compartimentos
        (armario_id, codigo_acesso, numero, ocupado, tamanho, id) 
    values
        (?, ?, ?, ?, ?, default)
2025-05-30 16:24:39.995 [restartedMain] DEBUG org.hibernate.SQL - 
    insert 
    into
        compartimentos
        (armario_id, codigo_acesso, numero, ocupado, tamanho, id) 
    values
        (?, ?, ?, ?, ?, default)
2025-05-30 16:24:39.997 [restartedMain] DEBUG org.hibernate.SQL - 
    insert 
    into
        compartimentos
        (armario_id, codigo_acesso, numero, ocupado, tamanho, id) 
    values
        (?, ?, ?, ?, ?, default)
2025-05-30 16:24:39.999 [restartedMain] DEBUG org.hibernate.SQL - 
    insert 
    into
        compartimentos
        (armario_id, codigo_acesso, numero, ocupado, tamanho, id) 
    values
        (?, ?, ?, ?, ?, default)
2025-05-30 16:24:40.001 [restartedMain] DEBUG org.hibernate.SQL - 
    insert 
    into
        compartimentos
        (armario_id, codigo_acesso, numero, ocupado, tamanho, id) 
    values
        (?, ?, ?, ?, ?, default)
2025-05-30 16:24:40.003 [restartedMain] DEBUG org.hibernate.SQL - 
    insert 
    into
        compartimentos
        (armario_id, codigo_acesso, numero, ocupado, tamanho, id) 
    values
        (?, ?, ?, ?, ?, default)
2025-05-30 16:24:40.005 [restartedMain] DEBUG org.hibernate.SQL - 
    insert 
    into
        compartimentos
        (armario_id, codigo_acesso, numero, ocupado, tamanho, id) 
    values
        (?, ?, ?, ?, ?, default)
2025-05-30 16:24:40.006 [restartedMain] DEBUG org.hibernate.SQL - 
    insert 
    into
        compartimentos
        (armario_id, codigo_acesso, numero, ocupado, tamanho, id) 
    values
        (?, ?, ?, ?, ?, default)
2025-05-30 16:24:40.008 [restartedMain] DEBUG org.hibernate.SQL - 
    insert 
    into
        compartimentos
        (armario_id, codigo_acesso, numero, ocupado, tamanho, id) 
    values
        (?, ?, ?, ?, ?, default)
2025-05-30 16:24:40.008 [restartedMain] DEBUG org.hibernate.SQL - 
    insert 
    into
        compartimentos
        (armario_id, codigo_acesso, numero, ocupado, tamanho, id) 
    values
        (?, ?, ?, ?, ?, default)
2025-05-30 16:24:40.009 [restartedMain] DEBUG org.hibernate.SQL - 
    insert 
    into
        compartimentos
        (armario_id, codigo_acesso, numero, ocupado, tamanho, id) 
    values
        (?, ?, ?, ?, ?, default)
2025-05-30 16:24:40.012 [restartedMain] DEBUG org.hibernate.SQL - 
    insert 
    into
        compartimentos
        (armario_id, codigo_acesso, numero, ocupado, tamanho, id) 
    values
        (?, ?, ?, ?, ?, default)
2025-05-30 16:24:40.067 [restartedMain] DEBUG org.hibernate.SQL - 
    select
        c1_0.id,
        c1_0.armario_id,
        c1_0.codigo_acesso,
        c1_0.numero,
        c1_0.ocupado,
        c1_0.tamanho 
    from
        compartimentos c1_0 
    left join
        armarios a1_0 
            on a1_0.id=c1_0.armario_id 
    where
        c1_0.numero=? 
        and a1_0.id=?
2025-05-30 16:24:40.074 [restartedMain] DEBUG org.hibernate.SQL - 
    select
        a1_0.id,
        a1_0.ativo,
        a1_0.condominio_id,
        c1_0.id,
        c1_0.cep,
        c1_0.cidade,
        c1_0.email,
        c1_0.endereco,
        c1_0.estado,
        c1_0.nome,
        c1_0.telefone,
        a1_0.descricao,
        a1_0.identificacao,
        a1_0.localizacao 
    from
        armarios a1_0 
    join
        condominios c1_0 
            on c1_0.id=a1_0.condominio_id 
    where
        a1_0.id=?
2025-05-30 16:24:40.079 [restartedMain] DEBUG org.hibernate.SQL - 
    select
        c1_0.id,
        c1_0.armario_id,
        c1_0.codigo_acesso,
        c1_0.numero,
        c1_0.ocupado,
        c1_0.tamanho 
    from
        compartimentos c1_0 
    left join
        armarios a1_0 
            on a1_0.id=c1_0.armario_id 
    where
        c1_0.numero=? 
        and a1_0.id=?
2025-05-30 16:24:40.080 [restartedMain] DEBUG org.hibernate.SQL - 
    select
        a1_0.id,
        a1_0.ativo,
        a1_0.condominio_id,
        c1_0.id,
        c1_0.cep,
        c1_0.cidade,
        c1_0.email,
        c1_0.endereco,
        c1_0.estado,
        c1_0.nome,
        c1_0.telefone,
        a1_0.descricao,
        a1_0.identificacao,
        a1_0.localizacao 
    from
        armarios a1_0 
    join
        condominios c1_0 
            on c1_0.id=a1_0.condominio_id 
    where
        a1_0.id=?
2025-05-30 16:24:40.082 [restartedMain] DEBUG org.hibernate.SQL - 
    insert 
    into
        entregas
        (codigo_rastreio, compartimento_id, data_entrega, data_retirada, descricao, destinatario_id, entregador_id, observacao, status, id) 
    values
        (?, ?, ?, ?, ?, ?, ?, ?, ?, default)
2025-05-30 16:24:40.089 [restartedMain] DEBUG org.hibernate.SQL - 
    select
        c1_0.id,
        c1_0.armario_id,
        a1_0.id,
        a1_0.ativo,
        a1_0.condominio_id,
        c2_0.id,
        c2_0.cep,
        c2_0.cidade,
        c2_0.email,
        c2_0.endereco,
        c2_0.estado,
        c2_0.nome,
        c2_0.telefone,
        a1_0.descricao,
        a1_0.identificacao,
        a1_0.localizacao,
        c1_0.codigo_acesso,
        c1_0.numero,
        c1_0.ocupado,
        c1_0.tamanho 
    from
        compartimentos c1_0 
    join
        armarios a1_0 
            on a1_0.id=c1_0.armario_id 
    left join
        condominios c2_0 
            on c2_0.id=a1_0.condominio_id 
    where
        c1_0.id=?
2025-05-30 16:24:40.092 [restartedMain] DEBUG org.hibernate.SQL - 
    select
        a1_0.condominio_id,
        a1_0.id,
        a1_0.ativo,
        a1_0.descricao,
        a1_0.identificacao,
        a1_0.localizacao 
    from
        armarios a1_0 
    where
        a1_0.condominio_id=?
2025-05-30 16:24:40.093 [restartedMain] DEBUG org.hibernate.SQL - 
    select
        c1_0.armario_id,
        c1_0.id,
        c1_0.codigo_acesso,
        c1_0.numero,
        c1_0.ocupado,
        c1_0.tamanho 
    from
        compartimentos c1_0 
    where
        c1_0.armario_id=?
2025-05-30 16:24:40.102 [restartedMain] DEBUG org.hibernate.SQL - 
    update
        compartimentos 
    set
        armario_id=?,
        codigo_acesso=?,
        numero=?,
        ocupado=?,
        tamanho=? 
    where
        id=?
2025-05-30 16:24:40.107 [restartedMain] DEBUG org.hibernate.SQL - 
    insert 
    into
        reservas
        (compartimento_id, data_fim, data_inicio, observacao, status, usuario_id, id) 
    values
        (?, ?, ?, ?, ?, ?, default)
2025-05-30 16:24:40.108 [restartedMain] DEBUG org.hibernate.SQL - 
    select
        c1_0.id,
        c1_0.armario_id,
        a1_0.id,
        a1_0.ativo,
        a1_0.condominio_id,
        c2_0.id,
        c2_0.cep,
        c2_0.cidade,
        c2_0.email,
        c2_0.endereco,
        c2_0.estado,
        c2_0.nome,
        c2_0.telefone,
        a1_0.descricao,
        a1_0.identificacao,
        a1_0.localizacao,
        c1_0.codigo_acesso,
        c1_0.numero,
        c1_0.ocupado,
        c1_0.tamanho 
    from
        compartimentos c1_0 
    join
        armarios a1_0 
            on a1_0.id=c1_0.armario_id 
    left join
        condominios c2_0 
            on c2_0.id=a1_0.condominio_id 
    where
        c1_0.id=?
2025-05-30 16:24:40.109 [restartedMain] DEBUG org.hibernate.SQL - 
    select
        a1_0.condominio_id,
        a1_0.id,
        a1_0.ativo,
        a1_0.descricao,
        a1_0.identificacao,
        a1_0.localizacao 
    from
        armarios a1_0 
    where
        a1_0.condominio_id=?
2025-05-30 16:24:40.109 [restartedMain] DEBUG org.hibernate.SQL - 
    select
        c1_0.armario_id,
        c1_0.id,
        c1_0.codigo_acesso,
        c1_0.numero,
        c1_0.ocupado,
        c1_0.tamanho 
    from
        compartimentos c1_0 
    where
        c1_0.armario_id=?
2025-05-30 16:24:40.111 [restartedMain] DEBUG org.hibernate.SQL - 
    update
        compartimentos 
    set
        armario_id=?,
        codigo_acesso=?,
        numero=?,
        ocupado=?,
        tamanho=? 
    where
        id=?
2025-05-30 16:27:29.296 [http-nio-8080-exec-1] INFO  o.a.c.c.C.[Tomcat].[localhost].[/] - Initializing Spring DispatcherServlet 'dispatcherServlet'
2025-05-30 16:27:29.296 [http-nio-8080-exec-1] INFO  o.s.web.servlet.DispatcherServlet - Initializing Servlet 'dispatcherServlet'
2025-05-30 16:27:29.296 [http-nio-8080-exec-1] INFO  o.s.web.servlet.DispatcherServlet - Completed initialization in 0 ms
2025-05-30 16:27:31.160 [http-nio-8080-exec-10] INFO  o.s.api.AbstractOpenApiResource - Init duration for springdoc-openapi is: 1374 ms
2025-05-30 16:33:31.388 [SpringApplicationShutdownHook] INFO  o.s.o.j.LocalContainerEntityManagerFactoryBean - Closing JPA EntityManagerFactory for persistence unit 'default'
2025-05-30 16:33:31.404 [SpringApplicationShutdownHook] WARN  o.s.b.f.s.DisposableBeanAdapter - Invocation of destroy method failed on bean with name 'inMemoryDatabaseShutdownExecutor': org.h2.jdbc.JdbcSQLNonTransientConnectionException: Database is already closed (to disable automatic closing at VM shutdown, add ";DB_CLOSE_ON_EXIT=FALSE" to the db URL) [90121-224]
2025-05-30 16:33:31.404 [SpringApplicationShutdownHook] INFO  com.zaxxer.hikari.HikariDataSource - HikariPool-1 - Shutdown initiated...
2025-05-30 16:33:31.404 [SpringApplicationShutdownHook] INFO  com.zaxxer.hikari.HikariDataSource - HikariPool-1 - Shutdown completed.
